<?xml version="1.0" encoding="UTF-8"?>
<!-- Generated by org.testng.reporters.JUnitReportReporter -->
<testsuite skipped="0" hostname="DESKTOP-7UGN18I" name="com.assgnmnt.app.util.GraphSearchTest" tests="3" failures="0" timestamp="25 Jul 2017 16:49:31 GMT" time="7032.644" errors="2">
  <testcase name="testCreateFullyConnectedGraph" time="0.009" classname="com.assgnmnt.app.util.GraphSearchTest"/>
  <testcase name="testPopulatePaths" time="6951.390" classname="com.assgnmnt.app.util.GraphSearchTest">
    <error type="java.lang.OutOfMemoryError">
      <![CDATA[java.lang.OutOfMemoryError
	at sun.reflect.NativeConstructorAccessorImpl.newInstance0(Native Method)
	at sun.reflect.NativeConstructorAccessorImpl.newInstance(Unknown Source)
	at sun.reflect.DelegatingConstructorAccessorImpl.newInstance(Unknown Source)
	at java.lang.reflect.Constructor.newInstance(Unknown Source)
	at java.util.concurrent.ForkJoinTask.getThrowableException(Unknown Source)
	at java.util.concurrent.ForkJoinTask.reportException(Unknown Source)
	at java.util.concurrent.ForkJoinTask.invoke(Unknown Source)
	at java.util.stream.ForEachOps$ForEachOp.evaluateParallel(Unknown Source)
	at java.util.stream.ForEachOps$ForEachOp$OfRef.evaluateParallel(Unknown Source)
	at java.util.stream.AbstractPipeline.evaluate(Unknown Source)
	at java.util.stream.ReferencePipeline.forEach(Unknown Source)
	at java.util.stream.ReferencePipeline$Head.forEach(Unknown Source)
	at com.assgnmnt.app.util.GraphSearch.populatePaths(GraphSearch.java:58)
	at com.assgnmnt.app.util.GraphSearchTest.testPopulatePaths(GraphSearchTest.java:26)
	at sun.reflect.NativeMethodAccessorImpl.invoke0(Native Method)
	at sun.reflect.NativeMethodAccessorImpl.invoke(Unknown Source)
	at sun.reflect.DelegatingMethodAccessorImpl.invoke(Unknown Source)
	at java.lang.reflect.Method.invoke(Unknown Source)
	at org.testng.internal.MethodInvocationHelper.invokeMethod(MethodInvocationHelper.java:108)
	at org.testng.internal.MethodInvocationHelper$1.runTestMethod(MethodInvocationHelper.java:209)
	at org.springframework.test.context.testng.AbstractTestNGSpringContextTests.run(AbstractTestNGSpringContextTests.java:175)
	at org.testng.internal.MethodInvocationHelper.invokeHookable(MethodInvocationHelper.java:221)
	at org.testng.internal.Invoker.invokeMethod(Invoker.java:657)
	at org.testng.internal.Invoker.invokeTestMethod(Invoker.java:869)
	at org.testng.internal.Invoker.invokeTestMethods(Invoker.java:1193)
	at org.testng.internal.TestMethodWorker.invokeTestMethods(TestMethodWorker.java:126)
	at org.testng.internal.TestMethodWorker.run(TestMethodWorker.java:109)
	at org.testng.TestRunner.privateRun(TestRunner.java:744)
	at org.testng.TestRunner.run(TestRunner.java:602)
	at org.testng.SuiteRunner.runTest(SuiteRunner.java:380)
	at org.testng.SuiteRunner.runSequentially(SuiteRunner.java:375)
	at org.testng.SuiteRunner.privateRun(SuiteRunner.java:340)
	at org.testng.SuiteRunner.run(SuiteRunner.java:289)
	at org.testng.SuiteRunnerWorker.runSuite(SuiteRunnerWorker.java:52)
	at org.testng.SuiteRunnerWorker.run(SuiteRunnerWorker.java:86)
	at org.testng.TestNG.runSuitesSequentially(TestNG.java:1301)
	at org.testng.TestNG.runSuitesLocally(TestNG.java:1226)
	at org.testng.TestNG.runSuites(TestNG.java:1144)
	at org.testng.TestNG.run(TestNG.java:1115)
	at org.testng.remote.AbstractRemoteTestNG.run(AbstractRemoteTestNG.java:132)
	at org.testng.remote.RemoteTestNG.initAndRun(RemoteTestNG.java:230)
	at org.testng.remote.RemoteTestNG.main(RemoteTestNG.java:76)
Caused by: java.lang.OutOfMemoryError: GC overhead limit exceeded
	at java.io.FileOutputStream.writeBytes(Native Method)
	at java.io.FileOutputStream.write(Unknown Source)
	at java.io.BufferedOutputStream.flushBuffer(Unknown Source)
	at java.io.BufferedOutputStream.write(Unknown Source)
	at java.io.PrintStream.write(Unknown Source)
	at sun.nio.cs.StreamEncoder.writeBytes(Unknown Source)
	at sun.nio.cs.StreamEncoder.implFlushBuffer(Unknown Source)
	at sun.nio.cs.StreamEncoder.flushBuffer(Unknown Source)
	at java.io.OutputStreamWriter.flushBuffer(Unknown Source)
	at java.io.PrintStream.write(Unknown Source)
	at java.io.PrintStream.print(Unknown Source)
	at com.assgnmnt.app.util.GraphSearch.savePath(GraphSearch.java:101)
	at com.assgnmnt.app.util.GraphSearch.depthFirst(GraphSearch.java:82)
	at com.assgnmnt.app.util.GraphSearch.depthFirst(GraphSearch.java:92)
	at com.assgnmnt.app.util.GraphSearch.depthFirst(GraphSearch.java:92)
	at com.assgnmnt.app.util.GraphSearch.depthFirst(GraphSearch.java:92)
	at com.assgnmnt.app.util.GraphSearch.depthFirst(GraphSearch.java:92)
	at com.assgnmnt.app.util.GraphSearch.depthFirst(GraphSearch.java:92)
	at com.assgnmnt.app.util.GraphSearch.depthFirst(GraphSearch.java:92)
	at com.assgnmnt.app.util.GraphSearch.depthFirst(GraphSearch.java:92)
	at com.assgnmnt.app.util.GraphSearch.depthFirst(GraphSearch.java:92)
	at com.assgnmnt.app.util.GraphSearch.depthFirst(GraphSearch.java:92)
	at com.assgnmnt.app.util.GraphSearch.depthFirst(GraphSearch.java:92)
	at com.assgnmnt.app.util.GraphSearch.depthFirst(GraphSearch.java:92)
	at com.assgnmnt.app.util.GraphSearch.depthFirst(GraphSearch.java:92)
	at com.assgnmnt.app.util.GraphSearch.depthFirst(GraphSearch.java:92)
	at com.assgnmnt.app.util.GraphSearch.depthFirst(GraphSearch.java:92)
	at com.assgnmnt.app.util.GraphSearch.depthFirst(GraphSearch.java:92)
	at com.assgnmnt.app.util.GraphSearch.depthFirst(GraphSearch.java:92)
	at com.assgnmnt.app.util.GraphSearch.depthFirst(GraphSearch.java:92)
	at com.assgnmnt.app.util.GraphSearch.depthFirst(GraphSearch.java:92)
	at com.assgnmnt.app.util.GraphSearch.depthFirst(GraphSearch.java:92)
]]>
    </error>
  </testcase> <!-- testPopulatePaths -->
  <testcase name="testFindMaximumSatisfationWithinTime" time="81.245" classname="com.assgnmnt.app.util.GraphSearchTest">
    <error type="java.util.ConcurrentModificationException">
      <![CDATA[java.util.ConcurrentModificationException
	at java.util.LinkedList$ListItr.checkForComodification(Unknown Source)
	at java.util.LinkedList$ListItr.next(Unknown Source)
	at com.assgnmnt.app.util.GraphSearch.findMaximumSatisfationWithinTime(GraphSearch.java:38)
	at com.assgnmnt.app.util.GraphSearchTest.testFindMaximumSatisfationWithinTime(GraphSearchTest.java:32)
	at sun.reflect.NativeMethodAccessorImpl.invoke0(Native Method)
	at sun.reflect.NativeMethodAccessorImpl.invoke(Unknown Source)
	at sun.reflect.DelegatingMethodAccessorImpl.invoke(Unknown Source)
	at java.lang.reflect.Method.invoke(Unknown Source)
	at org.testng.internal.MethodInvocationHelper.invokeMethod(MethodInvocationHelper.java:108)
	at org.testng.internal.MethodInvocationHelper$1.runTestMethod(MethodInvocationHelper.java:209)
	at org.springframework.test.context.testng.AbstractTestNGSpringContextTests.run(AbstractTestNGSpringContextTests.java:175)
	at org.testng.internal.MethodInvocationHelper.invokeHookable(MethodInvocationHelper.java:221)
	at org.testng.internal.Invoker.invokeMethod(Invoker.java:657)
	at org.testng.internal.Invoker.invokeTestMethod(Invoker.java:869)
	at org.testng.internal.Invoker.invokeTestMethods(Invoker.java:1193)
	at org.testng.internal.TestMethodWorker.invokeTestMethods(TestMethodWorker.java:126)
	at org.testng.internal.TestMethodWorker.run(TestMethodWorker.java:109)
	at org.testng.TestRunner.privateRun(TestRunner.java:744)
	at org.testng.TestRunner.run(TestRunner.java:602)
	at org.testng.SuiteRunner.runTest(SuiteRunner.java:380)
	at org.testng.SuiteRunner.runSequentially(SuiteRunner.java:375)
	at org.testng.SuiteRunner.privateRun(SuiteRunner.java:340)
	at org.testng.SuiteRunner.run(SuiteRunner.java:289)
	at org.testng.SuiteRunnerWorker.runSuite(SuiteRunnerWorker.java:52)
	at org.testng.SuiteRunnerWorker.run(SuiteRunnerWorker.java:86)
	at org.testng.TestNG.runSuitesSequentially(TestNG.java:1301)
	at org.testng.TestNG.runSuitesLocally(TestNG.java:1226)
	at org.testng.TestNG.runSuites(TestNG.java:1144)
	at org.testng.TestNG.run(TestNG.java:1115)
	at org.testng.remote.AbstractRemoteTestNG.run(AbstractRemoteTestNG.java:132)
	at org.testng.remote.RemoteTestNG.initAndRun(RemoteTestNG.java:230)
	at org.testng.remote.RemoteTestNG.main(RemoteTestNG.java:76)
]]>
    </error>
  </testcase> <!-- testFindMaximumSatisfationWithinTime -->
</testsuite> <!-- com.assgnmnt.app.util.GraphSearchTest -->
